Build started 2015-10-18 12:32:22.
     1>Project "D:\Repozytorium\terminator\ConsoleApplication1\ConsoleApplication1.vcxproj" on node 2 (Rebuild target(s)).
     1>ClCompile:
         C:\Program Files (x86)\Microsoft Visual Studio 12.0\VC\bin\CL.exe /c /ZI /nologo /W3 /WX- /sdl /Od /Oy- /D WIN32 /D _DEBUG /D _CONSOLE /D _LIB /D _UNICODE /D UNICODE /Gm /EHsc /RTC1 /MDd /GS /fp:precise /Zc:wchar_t /Zc:forScope /Yc"stdafx.h" /Fp"Debug\ConsoleApplication1.pch" /Fo"Debug\\" /Fd"Debug\vc120.pdb" /Gd /TP /analyze- /errorReport:prompt stdafx.cpp
         stdafx.cpp
         C:\Program Files (x86)\Microsoft Visual Studio 12.0\VC\bin\CL.exe /c /ZI /nologo /W3 /WX- /sdl /Od /Oy- /D WIN32 /D _DEBUG /D _CONSOLE /D _LIB /D _UNICODE /D UNICODE /Gm /EHsc /RTC1 /MDd /GS /fp:precise /Zc:wchar_t /Zc:forScope /Yu"stdafx.h" /Fp"Debug\ConsoleApplication1.pch" /Fo"Debug\\" /Fd"Debug\vc120.pdb" /Gd /TP /analyze- /errorReport:prompt ConsoleApplication1.cpp
         ConsoleApplication1.cpp
     1>d:\repozytorium\terminator\consoleapplication1\metody.h(285): warning C4244: 'initializing' : conversion from 'double' to 'int', possible loss of data
     1>d:\repozytorium\terminator\consoleapplication1\consoleapplication1.cpp(33): warning C4244: 'argument' : conversion from 'time_t' to 'unsigned int', possible loss of data
     1>d:\repozytorium\terminator\consoleapplication1\consoleapplication1.cpp(65): warning C4101: 'e' : unreferenced local variable
     1>d:\repozytorium\terminator\consoleapplication1\consoleapplication1.cpp(84): warning C4101: 'e' : unreferenced local variable
     1>d:\repozytorium\terminator\consoleapplication1\consoleapplication1.cpp(91): warning C4101: 'e' : unreferenced local variable
     1>d:\repozytorium\terminator\consoleapplication1\consoleapplication1.cpp(107): warning C4101: 'e' : unreferenced local variable
     1>d:\repozytorium\terminator\consoleapplication1\metody.h(290): warning C4715: 'SzukanieDaty' : not all control paths return a value
       Link:
         C:\Program Files (x86)\Microsoft Visual Studio 12.0\VC\bin\link.exe /ERRORREPORT:PROMPT /OUT:"D:\Repozytorium\terminator\Debug\ConsoleApplication1.exe" /INCREMENTAL /NOLOGO kernel32.lib user32.lib gdi32.lib winspool.lib comdlg32.lib advapi32.lib shell32.lib ole32.lib oleaut32.lib uuid.lib odbc32.lib odbccp32.lib /MANIFEST /MANIFESTUAC:"level='asInvoker' uiAccess='false'" /manifest:embed /DEBUG /PDB:"D:\Repozytorium\terminator\Debug\ConsoleApplication1.pdb" /SUBSYSTEM:CONSOLE /TLBID:1 /DYNAMICBASE /NXCOMPAT /IMPLIB:"D:\Repozytorium\terminator\Debug\ConsoleApplication1.lib" /MACHINE:X86 Debug\stdafx.obj
         Debug\ConsoleApplication1.obj
         ConsoleApplication1.vcxproj -> D:\Repozytorium\terminator\Debug\ConsoleApplication1.exe
     1>Done Building Project "D:\Repozytorium\terminator\ConsoleApplication1\ConsoleApplication1.vcxproj" (Rebuild target(s)).

Build succeeded.

Time Elapsed 00:00:02.58
